
ROM used: 3306 (10%)
          3306 (10%) including unused fragments

          4 Average locations per line
          22 Average locations per statement

RAM used: 16 (1%) at main() level
          42 (2%) worst case

Stack used: 6 worst case (out of 31 total available)

Lines Stmts  %   Files
----- ----- ---  -----
  121    64  43  proyecto.c
  461     0   0  ..\..\..\..\Program Files (x86)\PICC\devices\18F4550.h
   28     0   0  ..\..\..\..\Program Files (x86)\PICC\drivers\ctype.h
  187    58  39  LCDeasy.c
   26    13   9  HCSR04_1.c
   25    13   9  HCSR04_2.c
----- -----
  848   148 Total

Page ROM  %  RAM   Vol Diff  Functions:
---- --- --- ---   --- ----  ----------
0     26   0   1             @delay_ms1
0     20   0   0             @const72
0     24   0   1   134  2.2  lcd_send_nibble
0     48   1   3   249  3.8  lcd_send_byte
0     62   1   2   307  4.7  lcd_init
0     36   1   4   186  5.5  lcd_gotoxy
0     68   1   1   272  4.1  lcd_putc
0      8   0   0    30  1.3  HCSR04_1_init
0    336   5  14   412  4.3  HCSR04_1_get_distance
0     52   1   4             @DTOF
0    346   5  14             @DIVFF
0    242   4  11             @MULFF
0     54   1   2             @ITOF
0      8   0   0    30  1.3  HCSR04_2_init
0    336   5  14   412  4.3  HCSR04_2_get_distance
0     50   1   0   151  1.3  inicializar
0    420   6   1  1313  5.9  controlarMotores
0    118   2  10             @FLT
0     30   0   0             @const127
0     32   0   2             @PSTRINGC_92
0     28   0   0             @const129
0     24   0   0             @const130
0    160   2   1   176  1.7  mostrarDistancias
0     32   0   0             @const133
0     30   0   3             @PSTRINGCN_92
0     64   1   5             @FTOSD
0    142   2  13             @DIV3232
0    376   6  13             @PRINTF_L32D_92FPFPF
0     30   0   0             @const144
0    100   2   0    98  2.0  MAIN

Program metrics:
    Functions               13
    Statements              148
    Comments                184
    Volume (V)              6092
    Difficilty (D)          41.1
    Effort to implement (E) 250488
    Time to implement (T)   3 hours, 52 minutes
    Est Delivered Bugs (B)  1
    Cyclomatic Complexity   11
    Maintainability (MI)    77

 Segment     Used  Free
-----------  ----  ----
00000-00002     4  0  
00004-07FFE  3302  29462  



